<?xml version="1.0" encoding="UTF-8"?>
<!-- Generated by org.testng.reporters.JUnitReportReporter -->
<testsuite hostname="DESKTOP-1UO9KLL" failures="0" tests="1" name="com.orangehrmtestcase.Testcase1" time="9.458" errors="0" timestamp="2024-05-27T09:41:38 IST" skipped="0">
  <testcase classname="com.orangehrmtestcase.Testcase1" name="Testcase01" time="9.458"/>
  <system-out/>
</testsuite> <!-- com.orangehrmtestcase.Testcase1 -->
